<?xml version="1.0" encoding="UTF-8"?>
<testsuites>
  <testsuite name="" tests="42" assertions="131" errors="0" warnings="0" failures="38" skipped="0" time="0.699723">
    <testsuite name="Feature" tests="42" assertions="131" errors="0" warnings="0" failures="38" skipped="0" time="0.699723">
      <testsuite name="Tests\Feature\BooksListTest" file="/home/mahmood/webserver/vandar/tasks/a/example-app/tests/Feature/BookListTest.php" tests="7" assertions="96" errors="0" warnings="0" failures="3" skipped="0" time="0.291984">
        <testcase name="testResponseStructure" class="Tests\Feature\BooksListTest" classname="Tests.Feature.BooksListTest" file="/home/mahmood/webserver/vandar/tasks/a/example-app/tests/Feature/BookListTest.php" line="14" assertions="76" time="0.145205"/>
        <testcase name="testListWithoutFilters" class="Tests\Feature\BooksListTest" classname="Tests.Feature.BooksListTest" file="/home/mahmood/webserver/vandar/tasks/a/example-app/tests/Feature/BookListTest.php" line="72" assertions="2" time="0.036851">
          <failure type="PHPUnit\Framework\ExpectationFailedException">Tests\Feature\BooksListTest::testListWithoutFilters
Unable to find JSON: 
  
  [{
      "data": [
          {
              "id": 1,
              "isbn": "9790830028961",
              "title": "Iure vero architecto accusantium nihil ad repudiandae esse soluta.",
              "description": "Quisquam incidunt ex nam debitis voluptatem. Accusantium perspiciatis similique minus. Qui amet asperiores ipsum ipsa quo et.",
              "authors": [
                  {
                      "id": 1,
                      "name": "Berneice Considine",
                      "surname": "Corwin"
                  }
              ],
              "review": {
                  "avg": 5,
                  "count": 3
              }
          },
          {
              "id": 2,
              "isbn": "9796647831732",
              "title": "Perspiciatis enim earum sit.",
              "description": "Perferendis rerum quas corrupti incidunt ullam eos quaerat. Et enim illo illum quaerat. Explicabo et laudantium numquam qui itaque. Blanditiis omnis dolore quia eius mollitia.",
              "authors": [
                  {
                      "id": 2,
                      "name": "Kenyon Labadie",
                      "surname": "Schmeler"
                  }
              ],
              "review": {
                  "avg": 8,
                  "count": 3
              }
          },
          {
              "id": 3,
              "isbn": "9795873808525",
              "title": "Sapiente cupiditate aliquid eum sunt a rerum esse aut.",
              "description": "Voluptatem nobis enim autem. Nesciunt ad error tenetur temporibus cum et commodi. Possimus omnis tempora eius provident vel qui.",
              "authors": [
                  {
                      "id": 3,
                      "name": "Mrs. Itzel Walter",
                      "surname": "Homenick"
                  }
              ],
              "review": {
                  "avg": 6,
                  "count": 3
              }
          },
          {
              "id": 4,
              "isbn": "9798612131588",
              "title": "Aut eum doloribus doloribus repellat natus veritatis eos.",
              "description": "Impedit eaque et nihil iste dolores fugiat. Eos eum architecto necessitatibus non quis quia quis. Perspiciatis error officiis sit aut molestias dolorem. Ut eaque alias consequatur quia.",
              "authors": [
                  {
                      "id": 4,
                      "name": "Miss Lilliana Rath DDS",
                      "surname": "Dickens"
                  }
              ],
              "review": {
                  "avg": 6,
                  "count": 3
              }
          },
          {
              "id": 5,
              "isbn": "9795104403345",
              "title": "Repudiandae in earum quia ipsam expedita.",
              "description": "Quidem non aut et et qui. Voluptates sed omnis nihil sit sunt asperiores. Quia asperiores eos perferendis aperiam. Nulla doloribus tempora dolor ut sit quo.",
              "authors": [
                  {
                      "id": 5,
                      "name": "Prof. Keaton Howe DVM",
                      "surname": "Tremblay"
                  }
              ],
              "review": {
                  "avg": 6,
                  "count": 3
              }
          }
      ]
  }]
  
  within response JSON:
  
  [{
      "data": [
          {
              "id": 1,
              "isbn": "9790830028961",
              "title": "Iure vero architecto accusantium nihil ad repudiandae esse soluta.",
              "description": "Quisquam incidunt ex nam debitis voluptatem. Accusantium perspiciatis similique minus. Qui amet asperiores ipsum ipsa quo et.",
              "authors": [
                  {
                      "id": 1,
                      "name": "Berneice Considine",
                      "surname": "Corwin"
                  }
              ],
              "review": {
                  "avg": 4.666666666666667,
                  "count": 3
              }
          },
          {
              "id": 2,
              "isbn": "9796647831732",
              "title": "Perspiciatis enim earum sit.",
              "description": "Perferendis rerum quas corrupti incidunt ullam eos quaerat. Et enim illo illum quaerat. Explicabo et laudantium numquam qui itaque. Blanditiis omnis dolore quia eius mollitia.",
              "authors": [
                  {
                      "id": 2,
                      "name": "Kenyon Labadie",
                      "surname": "Schmeler"
                  }
              ],
              "review": {
                  "avg": 7.666666666666667,
                  "count": 3
              }
          },
          {
              "id": 3,
              "isbn": "9795873808525",
              "title": "Sapiente cupiditate aliquid eum sunt a rerum esse aut.",
              "description": "Voluptatem nobis enim autem. Nesciunt ad error tenetur temporibus cum et commodi. Possimus omnis tempora eius provident vel qui.",
              "authors": [
                  {
                      "id": 3,
                      "name": "Mrs. Itzel Walter",
                      "surname": "Homenick"
                  }
              ],
              "review": {
                  "avg": 6.333333333333333,
                  "count": 3
              }
          },
          {
              "id": 4,
              "isbn": "9798612131588",
              "title": "Aut eum doloribus doloribus repellat natus veritatis eos.",
              "description": "Impedit eaque et nihil iste dolores fugiat. Eos eum architecto necessitatibus non quis quia quis. Perspiciatis error officiis sit aut molestias dolorem. Ut eaque alias consequatur quia.",
              "authors": [
                  {
                      "id": 4,
                      "name": "Miss Lilliana Rath DDS",
                      "surname": "Dickens"
                  }
              ],
              "review": {
                  "avg": 6,
                  "count": 3
              }
          },
          {
              "id": 5,
              "isbn": "9795104403345",
              "title": "Repudiandae in earum quia ipsam expedita.",
              "description": "Quidem non aut et et qui. Voluptates sed omnis nihil sit sunt asperiores. Quia asperiores eos perferendis aperiam. Nulla doloribus tempora dolor ut sit quo.",
              "authors": [
                  {
                      "id": 5,
                      "name": "Prof. Keaton Howe DVM",
                      "surname": "Tremblay"
                  }
              ],
              "review": {
                  "avg": 6,
                  "count": 3
              }
          }
      ],
      "links": {
          "first": "http://localhost/api/books?page=1",
          "last": "http://localhost/api/books?page=1",
          "prev": null,
          "next": null
      },
      "meta": {
          "current_page": 1,
          "from": 1,
          "last_page": 1,
          "links": [
              {
                  "url": null,
                  "label": "&amp;laquo; Previous",
                  "active": false
              },
              {
                  "url": "http://localhost/api/books?page=1",
                  "label": "1",
                  "active": true
              },
              {
                  "url": null,
                  "label": "Next &amp;raquo;",
                  "active": false
              }
          ],
          "path": "http://localhost/api/books",
          "per_page": 15,
          "to": 5,
          "total": 5
      }
  }].
  
  
  Failed asserting that an array has the subset Array &amp;0 (
      'data' =&gt; Array &amp;1 (
          0 =&gt; Array &amp;2 (
              'id' =&gt; 1
              'isbn' =&gt; '9790830028961'
              'title' =&gt; 'Iure vero architecto accusantium nihil ad repudiandae esse soluta.'
              'description' =&gt; 'Quisquam incidunt ex nam debitis voluptatem. Accusantium perspiciatis similique minus. Qui amet asperiores ipsum ipsa quo et.'
              'authors' =&gt; Array &amp;3 (
                  0 =&gt; Array &amp;4 (
                      'id' =&gt; 1
                      'name' =&gt; 'Berneice Considine'
                      'surname' =&gt; 'Corwin'
                  )
              )
              'review' =&gt; Array &amp;5 (
                  'avg' =&gt; 5
                  'count' =&gt; 3
              )
          )
          1 =&gt; Array &amp;6 (
              'id' =&gt; 2
              'isbn' =&gt; '9796647831732'
              'title' =&gt; 'Perspiciatis enim earum sit.'
              'description' =&gt; 'Perferendis rerum quas corrupti incidunt ullam eos quaerat. Et enim illo illum quaerat. Explicabo et laudantium numquam qui itaque. Blanditiis omnis dolore quia eius mollitia.'
              'authors' =&gt; Array &amp;7 (
                  0 =&gt; Array &amp;8 (
                      'id' =&gt; 2
                      'name' =&gt; 'Kenyon Labadie'
                      'surname' =&gt; 'Schmeler'
                  )
              )
              'review' =&gt; Array &amp;9 (
                  'avg' =&gt; 8
                  'count' =&gt; 3
              )
          )
          2 =&gt; Array &amp;10 (
              'id' =&gt; 3
              'isbn' =&gt; '9795873808525'
              'title' =&gt; 'Sapiente cupiditate aliquid eum sunt a rerum esse aut.'
              'description' =&gt; 'Voluptatem nobis enim autem. Nesciunt ad error tenetur temporibus cum et commodi. Possimus omnis tempora eius provident vel qui.'
              'authors' =&gt; Array &amp;11 (
                  0 =&gt; Array &amp;12 (
                      'id' =&gt; 3
                      'name' =&gt; 'Mrs. Itzel Walter'
                      'surname' =&gt; 'Homenick'
                  )
              )
              'review' =&gt; Array &amp;13 (
                  'avg' =&gt; 6
                  'count' =&gt; 3
              )
          )
          3 =&gt; Array &amp;14 (
              'id' =&gt; 4
              'isbn' =&gt; '9798612131588'
              'title' =&gt; 'Aut eum doloribus doloribus repellat natus veritatis eos.'
              'description' =&gt; 'Impedit eaque et nihil iste dolores fugiat. Eos eum architecto necessitatibus non quis quia quis. Perspiciatis error officiis sit aut molestias dolorem. Ut eaque alias consequatur quia.'
              'authors' =&gt; Array &amp;15 (
                  0 =&gt; Array &amp;16 (
                      'id' =&gt; 4
                      'name' =&gt; 'Miss Lilliana Rath DDS'
                      'surname' =&gt; 'Dickens'
                  )
              )
              'review' =&gt; Array &amp;17 (
                  'avg' =&gt; 6
                  'count' =&gt; 3
              )
          )
          4 =&gt; Array &amp;18 (
              'id' =&gt; 5
              'isbn' =&gt; '9795104403345'
              'title' =&gt; 'Repudiandae in earum quia ipsam expedita.'
              'description' =&gt; 'Quidem non aut et et qui. Voluptates sed omnis nihil sit sunt asperiores. Quia asperiores eos perferendis aperiam. Nulla doloribus tempora dolor ut sit quo.'
              'authors' =&gt; Array &amp;19 (
                  0 =&gt; Array &amp;20 (
                      'id' =&gt; 5
                      'name' =&gt; 'Prof. Keaton Howe DVM'
                      'surname' =&gt; 'Tremblay'
                  )
              )
              'review' =&gt; Array &amp;21 (
                  'avg' =&gt; 6
                  'count' =&gt; 3
              )
          )
      )
  ).
--- Expected
+++ Actual
@@ @@
       ),
       'review' =&gt; 
       array (
-        'avg' =&gt; 5,
+        'avg' =&gt; 4.666666666666667,
         'count' =&gt; 3,
       ),
     ),
@@ @@
       ),
       'review' =&gt; 
       array (
-        'avg' =&gt; 8,
+        'avg' =&gt; 7.666666666666667,
         'count' =&gt; 3,
       ),
     ),
@@ @@
       ),
       'review' =&gt; 
       array (
-        'avg' =&gt; 6,
+        'avg' =&gt; 6.333333333333333,
         'count' =&gt; 3,
       ),
     ),

/home/mahmood/webserver/vandar/tasks/a/example-app/vendor/laravel/framework/src/Illuminate/Testing/Constraints/ArraySubset.php:85
/home/mahmood/webserver/vandar/tasks/a/example-app/vendor/laravel/framework/src/Illuminate/Testing/Assert.php:40
/home/mahmood/webserver/vandar/tasks/a/example-app/vendor/laravel/framework/src/Illuminate/Testing/AssertableJsonString.php:273
/home/mahmood/webserver/vandar/tasks/a/example-app/vendor/laravel/framework/src/Illuminate/Testing/TestResponse.php:695
/home/mahmood/webserver/vandar/tasks/a/example-app/tests/Feature/BookListTest.php:209
/home/mahmood/webserver/vandar/tasks/a/example-app/tests/Feature/BookListTest.php:89</failure>
        </testcase>
        <testcase name="testTitleFilter" class="Tests\Feature\BooksListTest" classname="Tests.Feature.BooksListTest" file="/home/mahmood/webserver/vandar/tasks/a/example-app/tests/Feature/BookListTest.php" line="92" assertions="4" time="0.016105"/>
        <testcase name="testAuthorsFilter" class="Tests\Feature\BooksListTest" classname="Tests.Feature.BooksListTest" file="/home/mahmood/webserver/vandar/tasks/a/example-app/tests/Feature/BookListTest.php" line="109" assertions="6" time="0.021790"/>
        <testcase name="testTitleSort" class="Tests\Feature\BooksListTest" classname="Tests.Feature.BooksListTest" file="/home/mahmood/webserver/vandar/tasks/a/example-app/tests/Feature/BookListTest.php" line="139" assertions="2" time="0.014118">
          <failure type="PHPUnit\Framework\ExpectationFailedException">Tests\Feature\BooksListTest::testTitleSort
Unable to find JSON: 
  
  [{
      "data": [
          {
              "id": 3,
              "isbn": "9784365479374",
              "title": "Advanced Python",
              "description": "Laudantium culpa itaque rerum eius. Consequatur laboriosam velit dolores rem sit aspernatur perferendis. Aliquam illo voluptas et est illo in quo. Nemo beatae officia eaque rerum distinctio aut sit.",
              "authors": [],
              "review": {
                  "avg": 0,
                  "count": 0
              }
          },
          {
              "id": 2,
              "isbn": "9781793042521",
              "title": "Javascript for dummies",
              "description": "Similique ratione dolorem esse quis dolores. Quas laborum consequuntur laboriosam veritatis vero ex. Consectetur quis ratione inventore sint aperiam.",
              "authors": [],
              "review": {
                  "avg": 0,
                  "count": 0
              }
          },
          {
              "id": 1,
              "isbn": "9791230679876",
              "title": "PHP for begginers",
              "description": "Nihil voluptatem aliquam nobis quod voluptas. Veniam quia magni aut consequatur reprehenderit nemo atque. Et et est libero. Error molestias doloremque est. Maiores illum quia ea impedit.",
              "authors": [],
              "review": {
                  "avg": 0,
                  "count": 0
              }
          }
      ]
  }]
  
  within response JSON:
  
  [{
      "data": [
          {
              "id": 1,
              "isbn": "9791230679876",
              "title": "PHP for begginers",
              "description": "Nihil voluptatem aliquam nobis quod voluptas. Veniam quia magni aut consequatur reprehenderit nemo atque. Et et est libero. Error molestias doloremque est. Maiores illum quia ea impedit.",
              "authors": [],
              "review": {
                  "avg": null,
                  "count": 0
              }
          },
          {
              "id": 2,
              "isbn": "9781793042521",
              "title": "Javascript for dummies",
              "description": "Similique ratione dolorem esse quis dolores. Quas laborum consequuntur laboriosam veritatis vero ex. Consectetur quis ratione inventore sint aperiam.",
              "authors": [],
              "review": {
                  "avg": null,
                  "count": 0
              }
          },
          {
              "id": 3,
              "isbn": "9784365479374",
              "title": "Advanced Python",
              "description": "Laudantium culpa itaque rerum eius. Consequatur laboriosam velit dolores rem sit aspernatur perferendis. Aliquam illo voluptas et est illo in quo. Nemo beatae officia eaque rerum distinctio aut sit.",
              "authors": [],
              "review": {
                  "avg": null,
                  "count": 0
              }
          }
      ],
      "links": {
          "first": "http://localhost/api/books?page=1",
          "last": "http://localhost/api/books?page=1",
          "prev": null,
          "next": null
      },
      "meta": {
          "current_page": 1,
          "from": 1,
          "last_page": 1,
          "links": [
              {
                  "url": null,
                  "label": "&amp;laquo; Previous",
                  "active": false
              },
              {
                  "url": "http://localhost/api/books?page=1",
                  "label": "1",
                  "active": true
              },
              {
                  "url": null,
                  "label": "Next &amp;raquo;",
                  "active": false
              }
          ],
          "path": "http://localhost/api/books",
          "per_page": 15,
          "to": 3,
          "total": 3
      }
  }].
  
  
  Failed asserting that an array has the subset Array &amp;0 (
      'data' =&gt; Array &amp;1 (
          0 =&gt; Array &amp;2 (
              'id' =&gt; 3
              'isbn' =&gt; '9784365479374'
              'title' =&gt; 'Advanced Python'
              'description' =&gt; 'Laudantium culpa itaque rerum eius. Consequatur laboriosam velit dolores rem sit aspernatur perferendis. Aliquam illo voluptas et est illo in quo. Nemo beatae officia eaque rerum distinctio aut sit.'
              'authors' =&gt; Array &amp;3 ()
              'review' =&gt; Array &amp;4 (
                  'avg' =&gt; 0
                  'count' =&gt; 0
              )
          )
          1 =&gt; Array &amp;5 (
              'id' =&gt; 2
              'isbn' =&gt; '9781793042521'
              'title' =&gt; 'Javascript for dummies'
              'description' =&gt; 'Similique ratione dolorem esse quis dolores. Quas laborum consequuntur laboriosam veritatis vero ex. Consectetur quis ratione inventore sint aperiam.'
              'authors' =&gt; Array &amp;6 ()
              'review' =&gt; Array &amp;7 (
                  'avg' =&gt; 0
                  'count' =&gt; 0
              )
          )
          2 =&gt; Array &amp;8 (
              'id' =&gt; 1
              'isbn' =&gt; '9791230679876'
              'title' =&gt; 'PHP for begginers'
              'description' =&gt; 'Nihil voluptatem aliquam nobis quod voluptas. Veniam quia magni aut consequatur reprehenderit nemo atque. Et et est libero. Error molestias doloremque est. Maiores illum quia ea impedit.'
              'authors' =&gt; Array &amp;9 ()
              'review' =&gt; Array &amp;10 (
                  'avg' =&gt; 0
                  'count' =&gt; 0
              )
          )
      )
  ).
--- Expected
+++ Actual
@@ @@
   array (
     0 =&gt; 
     array (
-      'id' =&gt; 3,
-      'isbn' =&gt; '9784365479374',
-      'title' =&gt; 'Advanced Python',
-      'description' =&gt; 'Laudantium culpa itaque rerum eius. Consequatur laboriosam velit dolores rem sit aspernatur perferendis. Aliquam illo voluptas et est illo in quo. Nemo beatae officia eaque rerum distinctio aut sit.',
+      'id' =&gt; 1,
+      'isbn' =&gt; '9791230679876',
+      'title' =&gt; 'PHP for begginers',
+      'description' =&gt; 'Nihil voluptatem aliquam nobis quod voluptas. Veniam quia magni aut consequatur reprehenderit nemo atque. Et et est libero. Error molestias doloremque est. Maiores illum quia ea impedit.',
       'authors' =&gt; 
       array (
       ),
       'review' =&gt; 
       array (
-        'avg' =&gt; 0,
+        'avg' =&gt; NULL,
         'count' =&gt; 0,
       ),
     ),
@@ @@
       ),
       'review' =&gt; 
       array (
-        'avg' =&gt; 0,
+        'avg' =&gt; NULL,
         'count' =&gt; 0,
       ),
     ),
     2 =&gt; 
     array (
-      'id' =&gt; 1,
-      'isbn' =&gt; '9791230679876',
-      'title' =&gt; 'PHP for begginers',
-      'description' =&gt; 'Nihil voluptatem aliquam nobis quod voluptas. Veniam quia magni aut consequatur reprehenderit nemo atque. Et et est libero. Error molestias doloremque est. Maiores illum quia ea impedit.',
+      'id' =&gt; 3,
+      'isbn' =&gt; '9784365479374',
+      'title' =&gt; 'Advanced Python',
+      'description' =&gt; 'Laudantium culpa itaque rerum eius. Consequatur laboriosam velit dolores rem sit aspernatur perferendis. Aliquam illo voluptas et est illo in quo. Nemo beatae officia eaque rerum distinctio aut sit.',
       'authors' =&gt; 
       array (
       ),
       'review' =&gt; 
       array (
-        'avg' =&gt; 0,
+        'avg' =&gt; NULL,
         'count' =&gt; 0,
       ),
     ),

/home/mahmood/webserver/vandar/tasks/a/example-app/vendor/laravel/framework/src/Illuminate/Testing/Constraints/ArraySubset.php:85
/home/mahmood/webserver/vandar/tasks/a/example-app/vendor/laravel/framework/src/Illuminate/Testing/Assert.php:40
/home/mahmood/webserver/vandar/tasks/a/example-app/vendor/laravel/framework/src/Illuminate/Testing/AssertableJsonString.php:273
/home/mahmood/webserver/vandar/tasks/a/example-app/vendor/laravel/framework/src/Illuminate/Testing/TestResponse.php:695
/home/mahmood/webserver/vandar/tasks/a/example-app/tests/Feature/BookListTest.php:209
/home/mahmood/webserver/vandar/tasks/a/example-app/tests/Feature/BookListTest.php:149</failure>
        </testcase>
        <testcase name="testAvgReviewSort" class="Tests\Feature\BooksListTest" classname="Tests.Feature.BooksListTest" file="/home/mahmood/webserver/vandar/tasks/a/example-app/tests/Feature/BookListTest.php" line="157" assertions="2" time="0.015674">
          <failure type="PHPUnit\Framework\ExpectationFailedException">Tests\Feature\BooksListTest::testAvgReviewSort
Unable to find JSON: 
  
  [{
      "data": [
          {
              "id": 3,
              "isbn": "9790713340135",
              "title": "Advanced Python",
              "description": "Odit perferendis placeat sunt vero tempora nulla nihil nulla. In exercitationem sunt rerum suscipit. Nobis maxime quod placeat quisquam impedit.",
              "authors": [],
              "review": {
                  "avg": 0,
                  "count": 0
              }
          },
          {
              "id": 1,
              "isbn": "9795258028401",
              "title": "PHP for begginers",
              "description": "Laboriosam quae cumque asperiores voluptas quo omnis ut. Explicabo beatae fugit tempora dolorem ratione veritatis.",
              "authors": [],
              "review": {
                  "avg": 3,
                  "count": 2
              }
          },
          {
              "id": 2,
              "isbn": "9784339958225",
              "title": "Javascript for dummies",
              "description": "Voluptatem numquam fuga dolores. Nulla distinctio ut ut reprehenderit similique. Porro distinctio debitis dolorem voluptate.",
              "authors": [],
              "review": {
                  "avg": 6,
                  "count": 2
              }
          }
      ]
  }]
  
  within response JSON:
  
  [{
      "data": [
          {
              "id": 1,
              "isbn": "9795258028401",
              "title": "PHP for begginers",
              "description": "Laboriosam quae cumque asperiores voluptas quo omnis ut. Explicabo beatae fugit tempora dolorem ratione veritatis.",
              "authors": [],
              "review": {
                  "avg": 3,
                  "count": 2
              }
          },
          {
              "id": 2,
              "isbn": "9784339958225",
              "title": "Javascript for dummies",
              "description": "Voluptatem numquam fuga dolores. Nulla distinctio ut ut reprehenderit similique. Porro distinctio debitis dolorem voluptate.",
              "authors": [],
              "review": {
                  "avg": 6,
                  "count": 2
              }
          },
          {
              "id": 3,
              "isbn": "9790713340135",
              "title": "Advanced Python",
              "description": "Odit perferendis placeat sunt vero tempora nulla nihil nulla. In exercitationem sunt rerum suscipit. Nobis maxime quod placeat quisquam impedit.",
              "authors": [],
              "review": {
                  "avg": null,
                  "count": 0
              }
          }
      ],
      "links": {
          "first": "http://localhost/api/books?page=1",
          "last": "http://localhost/api/books?page=1",
          "prev": null,
          "next": null
      },
      "meta": {
          "current_page": 1,
          "from": 1,
          "last_page": 1,
          "links": [
              {
                  "url": null,
                  "label": "&amp;laquo; Previous",
                  "active": false
              },
              {
                  "url": "http://localhost/api/books?page=1",
                  "label": "1",
                  "active": true
              },
              {
                  "url": null,
                  "label": "Next &amp;raquo;",
                  "active": false
              }
          ],
          "path": "http://localhost/api/books",
          "per_page": 15,
          "to": 3,
          "total": 3
      }
  }].
  
  
  Failed asserting that an array has the subset Array &amp;0 (
      'data' =&gt; Array &amp;1 (
          0 =&gt; Array &amp;2 (
              'id' =&gt; 3
              'isbn' =&gt; '9790713340135'
              'title' =&gt; 'Advanced Python'
              'description' =&gt; 'Odit perferendis placeat sunt vero tempora nulla nihil nulla. In exercitationem sunt rerum suscipit. Nobis maxime quod placeat quisquam impedit.'
              'authors' =&gt; Array &amp;3 ()
              'review' =&gt; Array &amp;4 (
                  'avg' =&gt; 0
                  'count' =&gt; 0
              )
          )
          1 =&gt; Array &amp;5 (
              'id' =&gt; 1
              'isbn' =&gt; '9795258028401'
              'title' =&gt; 'PHP for begginers'
              'description' =&gt; 'Laboriosam quae cumque asperiores voluptas quo omnis ut. Explicabo beatae fugit tempora dolorem ratione veritatis.'
              'authors' =&gt; Array &amp;6 ()
              'review' =&gt; Array &amp;7 (
                  'avg' =&gt; 3
                  'count' =&gt; 2
              )
          )
          2 =&gt; Array &amp;8 (
              'id' =&gt; 2
              'isbn' =&gt; '9784339958225'
              'title' =&gt; 'Javascript for dummies'
              'description' =&gt; 'Voluptatem numquam fuga dolores. Nulla distinctio ut ut reprehenderit similique. Porro distinctio debitis dolorem voluptate.'
              'authors' =&gt; Array &amp;9 ()
              'review' =&gt; Array &amp;10 (
                  'avg' =&gt; 6
                  'count' =&gt; 2
              )
          )
      )
  ).
--- Expected
+++ Actual
@@ @@
   array (
     0 =&gt; 
     array (
-      'id' =&gt; 3,
-      'isbn' =&gt; '9790713340135',
-      'title' =&gt; 'Advanced Python',
-      'description' =&gt; 'Odit perferendis placeat sunt vero tempora nulla nihil nulla. In exercitationem sunt rerum suscipit. Nobis maxime quod placeat quisquam impedit.',
-      'authors' =&gt; 
-      array (
-      ),
-      'review' =&gt; 
-      array (
-        'avg' =&gt; 0,
-        'count' =&gt; 0,
-      ),
-    ),
-    1 =&gt; 
-    array (
       'id' =&gt; 1,
       'isbn' =&gt; '9795258028401',
       'title' =&gt; 'PHP for begginers',
@@ @@
         'count' =&gt; 2,
       ),
     ),
-    2 =&gt; 
+    1 =&gt; 
     array (
       'id' =&gt; 2,
       'isbn' =&gt; '9784339958225',
@@ @@
       array (
         'avg' =&gt; 6,
         'count' =&gt; 2,
+      ),
+    ),
+    2 =&gt; 
+    array (
+      'id' =&gt; 3,
+      'isbn' =&gt; '9790713340135',
+      'title' =&gt; 'Advanced Python',
+      'description' =&gt; 'Odit perferendis placeat sunt vero tempora nulla nihil nulla. In exercitationem sunt rerum suscipit. Nobis maxime quod placeat quisquam impedit.',
+      'authors' =&gt; 
+      array (
+      ),
+      'review' =&gt; 
+      array (
+        'avg' =&gt; NULL,
+        'count' =&gt; 0,
       ),
     ),
   ),

/home/mahmood/webserver/vandar/tasks/a/example-app/vendor/laravel/framework/src/Illuminate/Testing/Constraints/ArraySubset.php:85
/home/mahmood/webserver/vandar/tasks/a/example-app/vendor/laravel/framework/src/Illuminate/Testing/Assert.php:40
/home/mahmood/webserver/vandar/tasks/a/example-app/vendor/laravel/framework/src/Illuminate/Testing/AssertableJsonString.php:273
/home/mahmood/webserver/vandar/tasks/a/example-app/vendor/laravel/framework/src/Illuminate/Testing/TestResponse.php:695
/home/mahmood/webserver/vandar/tasks/a/example-app/tests/Feature/BookListTest.php:209
/home/mahmood/webserver/vandar/tasks/a/example-app/tests/Feature/BookListTest.php:181</failure>
        </testcase>
        <testcase name="testPagination" class="Tests\Feature\BooksListTest" classname="Tests.Feature.BooksListTest" file="/home/mahmood/webserver/vandar/tasks/a/example-app/tests/Feature/BookListTest.php" line="189" assertions="4" time="0.042240"/>
      </testsuite>
      <testsuite name="Tests\Feature\BookPostTest" file="/home/mahmood/webserver/vandar/tasks/a/example-app/tests/Feature/BookPostTest.php" tests="24" assertions="24" errors="0" warnings="0" failures="24" skipped="0" time="0.278880">
        <testcase name="testDenyGuestAccess" class="Tests\Feature\BookPostTest" classname="Tests.Feature.BookPostTest" file="/home/mahmood/webserver/vandar/tasks/a/example-app/tests/Feature/BookPostTest.php" line="13" assertions="1" time="0.014246">
          <failure type="PHPUnit\Framework\ExpectationFailedException">Tests\Feature\BookPostTest::testDenyGuestAccess
Expected response status code [401] but received 200.
  Failed asserting that 401 is identical to 200.

/home/mahmood/webserver/vandar/tasks/a/example-app/vendor/laravel/framework/src/Illuminate/Testing/TestResponse.php:177
/home/mahmood/webserver/vandar/tasks/a/example-app/tests/Feature/BookPostTest.php:24</failure>
        </testcase>
        <testcase name="testDenyNonAdminUserAccess" class="Tests\Feature\BookPostTest" classname="Tests.Feature.BookPostTest" file="/home/mahmood/webserver/vandar/tasks/a/example-app/tests/Feature/BookPostTest.php" line="27" assertions="1" time="0.015559">
          <failure type="PHPUnit\Framework\ExpectationFailedException">Tests\Feature\BookPostTest::testDenyNonAdminUserAccess
Expected response status code [403] but received 200.
  Failed asserting that 403 is identical to 200.

/home/mahmood/webserver/vandar/tasks/a/example-app/vendor/laravel/framework/src/Illuminate/Testing/TestResponse.php:177
/home/mahmood/webserver/vandar/tasks/a/example-app/tests/Feature/BookPostTest.php:41</failure>
        </testcase>
        <testcase name="testSuccessfulPost" class="Tests\Feature\BookPostTest" classname="Tests.Feature.BookPostTest" file="/home/mahmood/webserver/vandar/tasks/a/example-app/tests/Feature/BookPostTest.php" line="44" assertions="1" time="0.010476">
          <failure type="PHPUnit\Framework\ExpectationFailedException">Tests\Feature\BookPostTest::testSuccessfulPost
Expected response status code [201] but received 200.
  Failed asserting that 201 is identical to 200.

/home/mahmood/webserver/vandar/tasks/a/example-app/vendor/laravel/framework/src/Illuminate/Testing/TestResponse.php:177
/home/mahmood/webserver/vandar/tasks/a/example-app/tests/Feature/BookPostTest.php:58</failure>
        </testcase>
        <testsuite name="Tests\Feature\BookPostTest::testValidation" tests="21" assertions="21" errors="0" warnings="0" failures="21" skipped="0" time="0.238598">
          <testcase name="testValidation with data set #0" class="Tests\Feature\BookPostTest" classname="Tests.Feature.BookPostTest" file="/home/mahmood/webserver/vandar/tasks/a/example-app/tests/Feature/BookPostTest.php" line="72" assertions="1" time="0.011105">
            <failure type="PHPUnit\Framework\ExpectationFailedException">Tests\Feature\BookPostTest::testValidation with data set #0 (array(null), 'isbn')
Expected response status code [422] but received 200.
  Failed asserting that 422 is identical to 200.

/home/mahmood/webserver/vandar/tasks/a/example-app/vendor/laravel/framework/src/Illuminate/Testing/TestResponse.php:177
/home/mahmood/webserver/vandar/tasks/a/example-app/tests/Feature/BookPostTest.php:91</failure>
          </testcase>
          <testcase name="testValidation with data set #1" class="Tests\Feature\BookPostTest" classname="Tests.Feature.BookPostTest" file="/home/mahmood/webserver/vandar/tasks/a/example-app/tests/Feature/BookPostTest.php" line="72" assertions="1" time="0.011003">
            <failure type="PHPUnit\Framework\ExpectationFailedException">Tests\Feature\BookPostTest::testValidation with data set #1 (array(''), 'isbn')
Expected response status code [422] but received 200.
  Failed asserting that 422 is identical to 200.

/home/mahmood/webserver/vandar/tasks/a/example-app/vendor/laravel/framework/src/Illuminate/Testing/TestResponse.php:177
/home/mahmood/webserver/vandar/tasks/a/example-app/tests/Feature/BookPostTest.php:91</failure>
          </testcase>
          <testcase name="testValidation with data set #2" class="Tests\Feature\BookPostTest" classname="Tests.Feature.BookPostTest" file="/home/mahmood/webserver/vandar/tasks/a/example-app/tests/Feature/BookPostTest.php" line="72" assertions="1" time="0.011112">
            <failure type="PHPUnit\Framework\ExpectationFailedException">Tests\Feature\BookPostTest::testValidation with data set #2 (array('97883283023414'), 'isbn')
Expected response status code [422] but received 200.
  Failed asserting that 422 is identical to 200.

/home/mahmood/webserver/vandar/tasks/a/example-app/vendor/laravel/framework/src/Illuminate/Testing/TestResponse.php:177
/home/mahmood/webserver/vandar/tasks/a/example-app/tests/Feature/BookPostTest.php:91</failure>
          </testcase>
          <testcase name="testValidation with data set #3" class="Tests\Feature\BookPostTest" classname="Tests.Feature.BookPostTest" file="/home/mahmood/webserver/vandar/tasks/a/example-app/tests/Feature/BookPostTest.php" line="72" assertions="1" time="0.011092">
            <failure type="PHPUnit\Framework\ExpectationFailedException">Tests\Feature\BookPostTest::testValidation with data set #3 (array('978832830'), 'isbn')
Expected response status code [422] but received 200.
  Failed asserting that 422 is identical to 200.

/home/mahmood/webserver/vandar/tasks/a/example-app/vendor/laravel/framework/src/Illuminate/Testing/TestResponse.php:177
/home/mahmood/webserver/vandar/tasks/a/example-app/tests/Feature/BookPostTest.php:91</failure>
          </testcase>
          <testcase name="testValidation with data set #4" class="Tests\Feature\BookPostTest" classname="Tests.Feature.BookPostTest" file="/home/mahmood/webserver/vandar/tasks/a/example-app/tests/Feature/BookPostTest.php" line="72" assertions="1" time="0.012231">
            <failure type="PHPUnit\Framework\ExpectationFailedException">Tests\Feature\BookPostTest::testValidation with data set #4 (array('97883283023422'), 'isbn')
Expected response status code [422] but received 200.
  Failed asserting that 422 is identical to 200.

/home/mahmood/webserver/vandar/tasks/a/example-app/vendor/laravel/framework/src/Illuminate/Testing/TestResponse.php:177
/home/mahmood/webserver/vandar/tasks/a/example-app/tests/Feature/BookPostTest.php:91</failure>
          </testcase>
          <testcase name="testValidation with data set #5" class="Tests\Feature\BookPostTest" classname="Tests.Feature.BookPostTest" file="/home/mahmood/webserver/vandar/tasks/a/example-app/tests/Feature/BookPostTest.php" line="72" assertions="1" time="0.011335">
            <failure type="PHPUnit\Framework\ExpectationFailedException">Tests\Feature\BookPostTest::testValidation with data set #5 (array(array()), 'isbn')
Expected response status code [422] but received 200.
  Failed asserting that 422 is identical to 200.

/home/mahmood/webserver/vandar/tasks/a/example-app/vendor/laravel/framework/src/Illuminate/Testing/TestResponse.php:177
/home/mahmood/webserver/vandar/tasks/a/example-app/tests/Feature/BookPostTest.php:91</failure>
          </testcase>
          <testcase name="testValidation with data set #6" class="Tests\Feature\BookPostTest" classname="Tests.Feature.BookPostTest" file="/home/mahmood/webserver/vandar/tasks/a/example-app/tests/Feature/BookPostTest.php" line="72" assertions="1" time="0.011361">
            <failure type="PHPUnit\Framework\ExpectationFailedException">Tests\Feature\BookPostTest::testValidation with data set #6 (array(array(673890)), 'isbn')
Expected response status code [422] but received 200.
  Failed asserting that 422 is identical to 200.

/home/mahmood/webserver/vandar/tasks/a/example-app/vendor/laravel/framework/src/Illuminate/Testing/TestResponse.php:177
/home/mahmood/webserver/vandar/tasks/a/example-app/tests/Feature/BookPostTest.php:91</failure>
          </testcase>
          <testcase name="testValidation with data set #7" class="Tests\Feature\BookPostTest" classname="Tests.Feature.BookPostTest" file="/home/mahmood/webserver/vandar/tasks/a/example-app/tests/Feature/BookPostTest.php" line="72" assertions="1" time="0.011533">
            <failure type="PHPUnit\Framework\ExpectationFailedException">Tests\Feature\BookPostTest::testValidation with data set #7 (array(array('978832830234')), 'isbn')
Expected response status code [422] but received 200.
  Failed asserting that 422 is identical to 200.

/home/mahmood/webserver/vandar/tasks/a/example-app/vendor/laravel/framework/src/Illuminate/Testing/TestResponse.php:177
/home/mahmood/webserver/vandar/tasks/a/example-app/tests/Feature/BookPostTest.php:91</failure>
          </testcase>
          <testcase name="testValidation with data set #8" class="Tests\Feature\BookPostTest" classname="Tests.Feature.BookPostTest" file="/home/mahmood/webserver/vandar/tasks/a/example-app/tests/Feature/BookPostTest.php" line="72" assertions="1" time="0.011319">
            <failure type="PHPUnit\Framework\ExpectationFailedException">Tests\Feature\BookPostTest::testValidation with data set #8 (array('FCKGWRHQQ2'), 'isbn')
Expected response status code [422] but received 200.
  Failed asserting that 422 is identical to 200.

/home/mahmood/webserver/vandar/tasks/a/example-app/vendor/laravel/framework/src/Illuminate/Testing/TestResponse.php:177
/home/mahmood/webserver/vandar/tasks/a/example-app/tests/Feature/BookPostTest.php:91</failure>
          </testcase>
          <testcase name="testValidation with data set #9" class="Tests\Feature\BookPostTest" classname="Tests.Feature.BookPostTest" file="/home/mahmood/webserver/vandar/tasks/a/example-app/tests/Feature/BookPostTest.php" line="72" assertions="1" time="0.011762">
            <failure type="PHPUnit\Framework\ExpectationFailedException">Tests\Feature\BookPostTest::testValidation with data set #9 (array(null), 'title')
Expected response status code [422] but received 200.
  Failed asserting that 422 is identical to 200.

/home/mahmood/webserver/vandar/tasks/a/example-app/vendor/laravel/framework/src/Illuminate/Testing/TestResponse.php:177
/home/mahmood/webserver/vandar/tasks/a/example-app/tests/Feature/BookPostTest.php:91</failure>
          </testcase>
          <testcase name="testValidation with data set #10" class="Tests\Feature\BookPostTest" classname="Tests.Feature.BookPostTest" file="/home/mahmood/webserver/vandar/tasks/a/example-app/tests/Feature/BookPostTest.php" line="72" assertions="1" time="0.011403">
            <failure type="PHPUnit\Framework\ExpectationFailedException">Tests\Feature\BookPostTest::testValidation with data set #10 (array(''), 'title')
Expected response status code [422] but received 200.
  Failed asserting that 422 is identical to 200.

/home/mahmood/webserver/vandar/tasks/a/example-app/vendor/laravel/framework/src/Illuminate/Testing/TestResponse.php:177
/home/mahmood/webserver/vandar/tasks/a/example-app/tests/Feature/BookPostTest.php:91</failure>
          </testcase>
          <testcase name="testValidation with data set #11" class="Tests\Feature\BookPostTest" classname="Tests.Feature.BookPostTest" file="/home/mahmood/webserver/vandar/tasks/a/example-app/tests/Feature/BookPostTest.php" line="72" assertions="1" time="0.011225">
            <failure type="PHPUnit\Framework\ExpectationFailedException">Tests\Feature\BookPostTest::testValidation with data set #11 (array(array()), 'title')
Expected response status code [422] but received 200.
  Failed asserting that 422 is identical to 200.

/home/mahmood/webserver/vandar/tasks/a/example-app/vendor/laravel/framework/src/Illuminate/Testing/TestResponse.php:177
/home/mahmood/webserver/vandar/tasks/a/example-app/tests/Feature/BookPostTest.php:91</failure>
          </testcase>
          <testcase name="testValidation with data set #12" class="Tests\Feature\BookPostTest" classname="Tests.Feature.BookPostTest" file="/home/mahmood/webserver/vandar/tasks/a/example-app/tests/Feature/BookPostTest.php" line="72" assertions="1" time="0.011445">
            <failure type="PHPUnit\Framework\ExpectationFailedException">Tests\Feature\BookPostTest::testValidation with data set #12 (array(null), 'description')
Expected response status code [422] but received 200.
  Failed asserting that 422 is identical to 200.

/home/mahmood/webserver/vandar/tasks/a/example-app/vendor/laravel/framework/src/Illuminate/Testing/TestResponse.php:177
/home/mahmood/webserver/vandar/tasks/a/example-app/tests/Feature/BookPostTest.php:91</failure>
          </testcase>
          <testcase name="testValidation with data set #13" class="Tests\Feature\BookPostTest" classname="Tests.Feature.BookPostTest" file="/home/mahmood/webserver/vandar/tasks/a/example-app/tests/Feature/BookPostTest.php" line="72" assertions="1" time="0.011279">
            <failure type="PHPUnit\Framework\ExpectationFailedException">Tests\Feature\BookPostTest::testValidation with data set #13 (array(''), 'description')
Expected response status code [422] but received 200.
  Failed asserting that 422 is identical to 200.

/home/mahmood/webserver/vandar/tasks/a/example-app/vendor/laravel/framework/src/Illuminate/Testing/TestResponse.php:177
/home/mahmood/webserver/vandar/tasks/a/example-app/tests/Feature/BookPostTest.php:91</failure>
          </testcase>
          <testcase name="testValidation with data set #14" class="Tests\Feature\BookPostTest" classname="Tests.Feature.BookPostTest" file="/home/mahmood/webserver/vandar/tasks/a/example-app/tests/Feature/BookPostTest.php" line="72" assertions="1" time="0.011349">
            <failure type="PHPUnit\Framework\ExpectationFailedException">Tests\Feature\BookPostTest::testValidation with data set #14 (array(array()), 'description')
Expected response status code [422] but received 200.
  Failed asserting that 422 is identical to 200.

/home/mahmood/webserver/vandar/tasks/a/example-app/vendor/laravel/framework/src/Illuminate/Testing/TestResponse.php:177
/home/mahmood/webserver/vandar/tasks/a/example-app/tests/Feature/BookPostTest.php:91</failure>
          </testcase>
          <testcase name="testValidation with data set #15" class="Tests\Feature\BookPostTest" classname="Tests.Feature.BookPostTest" file="/home/mahmood/webserver/vandar/tasks/a/example-app/tests/Feature/BookPostTest.php" line="72" assertions="1" time="0.011332">
            <failure type="PHPUnit\Framework\ExpectationFailedException">Tests\Feature\BookPostTest::testValidation with data set #15 (array(null), 'authors')
Expected response status code [422] but received 200.
  Failed asserting that 422 is identical to 200.

/home/mahmood/webserver/vandar/tasks/a/example-app/vendor/laravel/framework/src/Illuminate/Testing/TestResponse.php:177
/home/mahmood/webserver/vandar/tasks/a/example-app/tests/Feature/BookPostTest.php:91</failure>
          </testcase>
          <testcase name="testValidation with data set #16" class="Tests\Feature\BookPostTest" classname="Tests.Feature.BookPostTest" file="/home/mahmood/webserver/vandar/tasks/a/example-app/tests/Feature/BookPostTest.php" line="72" assertions="1" time="0.011275">
            <failure type="PHPUnit\Framework\ExpectationFailedException">Tests\Feature\BookPostTest::testValidation with data set #16 (array(array()), 'authors')
Expected response status code [422] but received 200.
  Failed asserting that 422 is identical to 200.

/home/mahmood/webserver/vandar/tasks/a/example-app/vendor/laravel/framework/src/Illuminate/Testing/TestResponse.php:177
/home/mahmood/webserver/vandar/tasks/a/example-app/tests/Feature/BookPostTest.php:91</failure>
          </testcase>
          <testcase name="testValidation with data set #17" class="Tests\Feature\BookPostTest" classname="Tests.Feature.BookPostTest" file="/home/mahmood/webserver/vandar/tasks/a/example-app/tests/Feature/BookPostTest.php" line="72" assertions="1" time="0.011406">
            <failure type="PHPUnit\Framework\ExpectationFailedException">Tests\Feature\BookPostTest::testValidation with data set #17 (array(''), 'authors')
Expected response status code [422] but received 200.
  Failed asserting that 422 is identical to 200.

/home/mahmood/webserver/vandar/tasks/a/example-app/vendor/laravel/framework/src/Illuminate/Testing/TestResponse.php:177
/home/mahmood/webserver/vandar/tasks/a/example-app/tests/Feature/BookPostTest.php:91</failure>
          </testcase>
          <testcase name="testValidation with data set #18" class="Tests\Feature\BookPostTest" classname="Tests.Feature.BookPostTest" file="/home/mahmood/webserver/vandar/tasks/a/example-app/tests/Feature/BookPostTest.php" line="72" assertions="1" time="0.011300">
            <failure type="PHPUnit\Framework\ExpectationFailedException">Tests\Feature\BookPostTest::testValidation with data set #18 (array(array(999999)), 'authors.0')
Expected response status code [422] but received 200.
  Failed asserting that 422 is identical to 200.

/home/mahmood/webserver/vandar/tasks/a/example-app/vendor/laravel/framework/src/Illuminate/Testing/TestResponse.php:177
/home/mahmood/webserver/vandar/tasks/a/example-app/tests/Feature/BookPostTest.php:91</failure>
          </testcase>
          <testcase name="testValidation with data set #19" class="Tests\Feature\BookPostTest" classname="Tests.Feature.BookPostTest" file="/home/mahmood/webserver/vandar/tasks/a/example-app/tests/Feature/BookPostTest.php" line="72" assertions="1" time="0.011348">
            <failure type="PHPUnit\Framework\ExpectationFailedException">Tests\Feature\BookPostTest::testValidation with data set #19 (array(array(array())), 'authors.0')
Expected response status code [422] but received 200.
  Failed asserting that 422 is identical to 200.

/home/mahmood/webserver/vandar/tasks/a/example-app/vendor/laravel/framework/src/Illuminate/Testing/TestResponse.php:177
/home/mahmood/webserver/vandar/tasks/a/example-app/tests/Feature/BookPostTest.php:91</failure>
          </testcase>
          <testcase name="testValidation with data set #20" class="Tests\Feature\BookPostTest" classname="Tests.Feature.BookPostTest" file="/home/mahmood/webserver/vandar/tasks/a/example-app/tests/Feature/BookPostTest.php" line="72" assertions="1" time="0.011381">
            <failure type="PHPUnit\Framework\ExpectationFailedException">Tests\Feature\BookPostTest::testValidation with data set #20 (array(array(null)), 'authors.0')
Expected response status code [422] but received 200.
  Failed asserting that 422 is identical to 200.

/home/mahmood/webserver/vandar/tasks/a/example-app/vendor/laravel/framework/src/Illuminate/Testing/TestResponse.php:177
/home/mahmood/webserver/vandar/tasks/a/example-app/tests/Feature/BookPostTest.php:91</failure>
          </testcase>
        </testsuite>
      </testsuite>
      <testsuite name="Tests\Feature\BookReviewTest" file="/home/mahmood/webserver/vandar/tasks/a/example-app/tests/Feature/BookReviewTest.php" tests="11" assertions="11" errors="0" warnings="0" failures="11" skipped="0" time="0.128859">
        <testcase name="testDenyGuestAccess" class="Tests\Feature\BookReviewTest" classname="Tests.Feature.BookReviewTest" file="/home/mahmood/webserver/vandar/tasks/a/example-app/tests/Feature/BookReviewTest.php" line="14" assertions="1" time="0.010863">
          <failure type="PHPUnit\Framework\ExpectationFailedException">Tests\Feature\BookReviewTest::testDenyGuestAccess
Expected response status code [401] but received 200.
  Failed asserting that 401 is identical to 200.

/home/mahmood/webserver/vandar/tasks/a/example-app/vendor/laravel/framework/src/Illuminate/Testing/TestResponse.php:177
/home/mahmood/webserver/vandar/tasks/a/example-app/tests/Feature/BookReviewTest.php:23</failure>
        </testcase>
        <testcase name="testSuccessfulPost" class="Tests\Feature\BookReviewTest" classname="Tests.Feature.BookReviewTest" file="/home/mahmood/webserver/vandar/tasks/a/example-app/tests/Feature/BookReviewTest.php" line="26" assertions="1" time="0.011343">
          <failure type="PHPUnit\Framework\ExpectationFailedException">Tests\Feature\BookReviewTest::testSuccessfulPost
Expected response status code [201] but received 200.
  Failed asserting that 201 is identical to 200.

/home/mahmood/webserver/vandar/tasks/a/example-app/vendor/laravel/framework/src/Illuminate/Testing/TestResponse.php:177
/home/mahmood/webserver/vandar/tasks/a/example-app/tests/Feature/BookReviewTest.php:38</failure>
        </testcase>
        <testsuite name="Tests\Feature\BookReviewTest::testValidation" tests="9" assertions="9" errors="0" warnings="0" failures="9" skipped="0" time="0.106653">
          <testcase name="testValidation with data set #0" class="Tests\Feature\BookReviewTest" classname="Tests.Feature.BookReviewTest" file="/home/mahmood/webserver/vandar/tasks/a/example-app/tests/Feature/BookReviewTest.php" line="64" assertions="1" time="0.019790">
            <failure type="PHPUnit\Framework\ExpectationFailedException">Tests\Feature\BookReviewTest::testValidation with data set #0 (array(null), 'review')
Expected response status code [422] but received 200.
  Failed asserting that 422 is identical to 200.

/home/mahmood/webserver/vandar/tasks/a/example-app/vendor/laravel/framework/src/Illuminate/Testing/TestResponse.php:177
/home/mahmood/webserver/vandar/tasks/a/example-app/tests/Feature/BookReviewTest.php:79</failure>
          </testcase>
          <testcase name="testValidation with data set #1" class="Tests\Feature\BookReviewTest" classname="Tests.Feature.BookReviewTest" file="/home/mahmood/webserver/vandar/tasks/a/example-app/tests/Feature/BookReviewTest.php" line="64" assertions="1" time="0.010707">
            <failure type="PHPUnit\Framework\ExpectationFailedException">Tests\Feature\BookReviewTest::testValidation with data set #1 (array(''), 'review')
Expected response status code [422] but received 200.
  Failed asserting that 422 is identical to 200.

/home/mahmood/webserver/vandar/tasks/a/example-app/vendor/laravel/framework/src/Illuminate/Testing/TestResponse.php:177
/home/mahmood/webserver/vandar/tasks/a/example-app/tests/Feature/BookReviewTest.php:79</failure>
          </testcase>
          <testcase name="testValidation with data set #2" class="Tests\Feature\BookReviewTest" classname="Tests.Feature.BookReviewTest" file="/home/mahmood/webserver/vandar/tasks/a/example-app/tests/Feature/BookReviewTest.php" line="64" assertions="1" time="0.010873">
            <failure type="PHPUnit\Framework\ExpectationFailedException">Tests\Feature\BookReviewTest::testValidation with data set #2 (array(0), 'review')
Expected response status code [422] but received 200.
  Failed asserting that 422 is identical to 200.

/home/mahmood/webserver/vandar/tasks/a/example-app/vendor/laravel/framework/src/Illuminate/Testing/TestResponse.php:177
/home/mahmood/webserver/vandar/tasks/a/example-app/tests/Feature/BookReviewTest.php:79</failure>
          </testcase>
          <testcase name="testValidation with data set #3" class="Tests\Feature\BookReviewTest" classname="Tests.Feature.BookReviewTest" file="/home/mahmood/webserver/vandar/tasks/a/example-app/tests/Feature/BookReviewTest.php" line="64" assertions="1" time="0.010876">
            <failure type="PHPUnit\Framework\ExpectationFailedException">Tests\Feature\BookReviewTest::testValidation with data set #3 (array(11), 'review')
Expected response status code [422] but received 200.
  Failed asserting that 422 is identical to 200.

/home/mahmood/webserver/vandar/tasks/a/example-app/vendor/laravel/framework/src/Illuminate/Testing/TestResponse.php:177
/home/mahmood/webserver/vandar/tasks/a/example-app/tests/Feature/BookReviewTest.php:79</failure>
          </testcase>
          <testcase name="testValidation with data set #4" class="Tests\Feature\BookReviewTest" classname="Tests.Feature.BookReviewTest" file="/home/mahmood/webserver/vandar/tasks/a/example-app/tests/Feature/BookReviewTest.php" line="64" assertions="1" time="0.010792">
            <failure type="PHPUnit\Framework\ExpectationFailedException">Tests\Feature\BookReviewTest::testValidation with data set #4 (array(3.5), 'review')
Expected response status code [422] but received 200.
  Failed asserting that 422 is identical to 200.

/home/mahmood/webserver/vandar/tasks/a/example-app/vendor/laravel/framework/src/Illuminate/Testing/TestResponse.php:177
/home/mahmood/webserver/vandar/tasks/a/example-app/tests/Feature/BookReviewTest.php:79</failure>
          </testcase>
          <testcase name="testValidation with data set #5" class="Tests\Feature\BookReviewTest" classname="Tests.Feature.BookReviewTest" file="/home/mahmood/webserver/vandar/tasks/a/example-app/tests/Feature/BookReviewTest.php" line="64" assertions="1" time="0.010914">
            <failure type="PHPUnit\Framework\ExpectationFailedException">Tests\Feature\BookReviewTest::testValidation with data set #5 (array(array()), 'review')
Expected response status code [422] but received 200.
  Failed asserting that 422 is identical to 200.

/home/mahmood/webserver/vandar/tasks/a/example-app/vendor/laravel/framework/src/Illuminate/Testing/TestResponse.php:177
/home/mahmood/webserver/vandar/tasks/a/example-app/tests/Feature/BookReviewTest.php:79</failure>
          </testcase>
          <testcase name="testValidation with data set #6" class="Tests\Feature\BookReviewTest" classname="Tests.Feature.BookReviewTest" file="/home/mahmood/webserver/vandar/tasks/a/example-app/tests/Feature/BookReviewTest.php" line="64" assertions="1" time="0.010937">
            <failure type="PHPUnit\Framework\ExpectationFailedException">Tests\Feature\BookReviewTest::testValidation with data set #6 (array(null), 'comment')
Expected response status code [422] but received 200.
  Failed asserting that 422 is identical to 200.

/home/mahmood/webserver/vandar/tasks/a/example-app/vendor/laravel/framework/src/Illuminate/Testing/TestResponse.php:177
/home/mahmood/webserver/vandar/tasks/a/example-app/tests/Feature/BookReviewTest.php:79</failure>
          </testcase>
          <testcase name="testValidation with data set #7" class="Tests\Feature\BookReviewTest" classname="Tests.Feature.BookReviewTest" file="/home/mahmood/webserver/vandar/tasks/a/example-app/tests/Feature/BookReviewTest.php" line="64" assertions="1" time="0.010857">
            <failure type="PHPUnit\Framework\ExpectationFailedException">Tests\Feature\BookReviewTest::testValidation with data set #7 (array(''), 'comment')
Expected response status code [422] but received 200.
  Failed asserting that 422 is identical to 200.

/home/mahmood/webserver/vandar/tasks/a/example-app/vendor/laravel/framework/src/Illuminate/Testing/TestResponse.php:177
/home/mahmood/webserver/vandar/tasks/a/example-app/tests/Feature/BookReviewTest.php:79</failure>
          </testcase>
          <testcase name="testValidation with data set #8" class="Tests\Feature\BookReviewTest" classname="Tests.Feature.BookReviewTest" file="/home/mahmood/webserver/vandar/tasks/a/example-app/tests/Feature/BookReviewTest.php" line="64" assertions="1" time="0.010907">
            <failure type="PHPUnit\Framework\ExpectationFailedException">Tests\Feature\BookReviewTest::testValidation with data set #8 (array(array()), 'comment')
Expected response status code [422] but received 200.
  Failed asserting that 422 is identical to 200.

/home/mahmood/webserver/vandar/tasks/a/example-app/vendor/laravel/framework/src/Illuminate/Testing/TestResponse.php:177
/home/mahmood/webserver/vandar/tasks/a/example-app/tests/Feature/BookReviewTest.php:79</failure>
          </testcase>
        </testsuite>
      </testsuite>
    </testsuite>
  </testsuite>
</testsuites>
