<?xml version="1.0" encoding="UTF-8"?>
<testsuites>
  <testsuite name="" tests="1" assertions="4" errors="0" warnings="0" failures="0" skipped="0" time="0.128077">
    <testsuite name="Feature" tests="1" assertions="4" errors="0" warnings="0" failures="0" skipped="0" time="0.128077">
      <testsuite name="Tests\Feature\BooksListTest" file="/home/mahmood/webserver/vandar/tasks/a/example-app/tests/Feature/BookListTest.php" tests="1" assertions="4" errors="0" warnings="0" failures="0" skipped="0" time="0.128077">
        <testcase name="testTitleFilter" class="Tests\Feature\BooksListTest" classname="Tests.Feature.BooksListTest" file="/home/mahmood/webserver/vandar/tasks/a/example-app/tests/Feature/BookListTest.php" line="92" assertions="4" time="0.128077"/>
      </testsuite>
    </testsuite>
  </testsuite>
</testsuites>
