<?xml version="1.0" encoding="UTF-8"?>
<testsuites>
  <testsuite name="" tests="42" assertions="205" errors="0" warnings="0" failures="0" skipped="0" time="0.791633">
    <testsuite name="Feature" tests="42" assertions="205" errors="0" warnings="0" failures="0" skipped="0" time="0.791633">
      <testsuite name="Tests\Feature\BooksListTest" file="/home/mahmood/webserver/vandar/tasks/a/example-app/tests/Feature/BookListTest.php" tests="7" assertions="100" errors="0" warnings="0" failures="0" skipped="0" time="0.299147">
        <testcase name="testResponseStructure" class="Tests\Feature\BooksListTest" classname="Tests.Feature.BooksListTest" file="/home/mahmood/webserver/vandar/tasks/a/example-app/tests/Feature/BookListTest.php" line="14" assertions="76" time="0.143519"/>
        <testcase name="testListWithoutFilters" class="Tests\Feature\BooksListTest" classname="Tests.Feature.BooksListTest" file="/home/mahmood/webserver/vandar/tasks/a/example-app/tests/Feature/BookListTest.php" line="72" assertions="2" time="0.031395"/>
        <testcase name="testTitleFilter" class="Tests\Feature\BooksListTest" classname="Tests.Feature.BooksListTest" file="/home/mahmood/webserver/vandar/tasks/a/example-app/tests/Feature/BookListTest.php" line="92" assertions="4" time="0.016658"/>
        <testcase name="testAuthorsFilter" class="Tests\Feature\BooksListTest" classname="Tests.Feature.BooksListTest" file="/home/mahmood/webserver/vandar/tasks/a/example-app/tests/Feature/BookListTest.php" line="109" assertions="6" time="0.023048"/>
        <testcase name="testTitleSort" class="Tests\Feature\BooksListTest" classname="Tests.Feature.BooksListTest" file="/home/mahmood/webserver/vandar/tasks/a/example-app/tests/Feature/BookListTest.php" line="139" assertions="4" time="0.019211"/>
        <testcase name="testAvgReviewSort" class="Tests\Feature\BooksListTest" classname="Tests.Feature.BooksListTest" file="/home/mahmood/webserver/vandar/tasks/a/example-app/tests/Feature/BookListTest.php" line="157" assertions="4" time="0.020637"/>
        <testcase name="testPagination" class="Tests\Feature\BooksListTest" classname="Tests.Feature.BooksListTest" file="/home/mahmood/webserver/vandar/tasks/a/example-app/tests/Feature/BookListTest.php" line="189" assertions="4" time="0.044679"/>
      </testsuite>
      <testsuite name="Tests\Feature\BookPostTest" file="/home/mahmood/webserver/vandar/tasks/a/example-app/tests/Feature/BookPostTest.php" tests="24" assertions="71" errors="0" warnings="0" failures="0" skipped="0" time="0.342160">
        <testcase name="testDenyGuestAccess" class="Tests\Feature\BookPostTest" classname="Tests.Feature.BookPostTest" file="/home/mahmood/webserver/vandar/tasks/a/example-app/tests/Feature/BookPostTest.php" line="13" assertions="1" time="0.013353"/>
        <testcase name="testDenyNonAdminUserAccess" class="Tests\Feature\BookPostTest" classname="Tests.Feature.BookPostTest" file="/home/mahmood/webserver/vandar/tasks/a/example-app/tests/Feature/BookPostTest.php" line="27" assertions="1" time="0.016647"/>
        <testcase name="testSuccessfulPost" class="Tests\Feature\BookPostTest" classname="Tests.Feature.BookPostTest" file="/home/mahmood/webserver/vandar/tasks/a/example-app/tests/Feature/BookPostTest.php" line="44" assertions="6" time="0.018191"/>
        <testsuite name="Tests\Feature\BookPostTest::testValidation" tests="21" assertions="63" errors="0" warnings="0" failures="0" skipped="0" time="0.293970">
          <testcase name="testValidation with data set #0" class="Tests\Feature\BookPostTest" classname="Tests.Feature.BookPostTest" file="/home/mahmood/webserver/vandar/tasks/a/example-app/tests/Feature/BookPostTest.php" line="72" assertions="3" time="0.013283"/>
          <testcase name="testValidation with data set #1" class="Tests\Feature\BookPostTest" classname="Tests.Feature.BookPostTest" file="/home/mahmood/webserver/vandar/tasks/a/example-app/tests/Feature/BookPostTest.php" line="72" assertions="3" time="0.014081"/>
          <testcase name="testValidation with data set #2" class="Tests\Feature\BookPostTest" classname="Tests.Feature.BookPostTest" file="/home/mahmood/webserver/vandar/tasks/a/example-app/tests/Feature/BookPostTest.php" line="72" assertions="3" time="0.013587"/>
          <testcase name="testValidation with data set #3" class="Tests\Feature\BookPostTest" classname="Tests.Feature.BookPostTest" file="/home/mahmood/webserver/vandar/tasks/a/example-app/tests/Feature/BookPostTest.php" line="72" assertions="3" time="0.013572"/>
          <testcase name="testValidation with data set #4" class="Tests\Feature\BookPostTest" classname="Tests.Feature.BookPostTest" file="/home/mahmood/webserver/vandar/tasks/a/example-app/tests/Feature/BookPostTest.php" line="72" assertions="3" time="0.016199"/>
          <testcase name="testValidation with data set #5" class="Tests\Feature\BookPostTest" classname="Tests.Feature.BookPostTest" file="/home/mahmood/webserver/vandar/tasks/a/example-app/tests/Feature/BookPostTest.php" line="72" assertions="3" time="0.014310"/>
          <testcase name="testValidation with data set #6" class="Tests\Feature\BookPostTest" classname="Tests.Feature.BookPostTest" file="/home/mahmood/webserver/vandar/tasks/a/example-app/tests/Feature/BookPostTest.php" line="72" assertions="3" time="0.012783"/>
          <testcase name="testValidation with data set #7" class="Tests\Feature\BookPostTest" classname="Tests.Feature.BookPostTest" file="/home/mahmood/webserver/vandar/tasks/a/example-app/tests/Feature/BookPostTest.php" line="72" assertions="3" time="0.013945"/>
          <testcase name="testValidation with data set #8" class="Tests\Feature\BookPostTest" classname="Tests.Feature.BookPostTest" file="/home/mahmood/webserver/vandar/tasks/a/example-app/tests/Feature/BookPostTest.php" line="72" assertions="3" time="0.013898"/>
          <testcase name="testValidation with data set #9" class="Tests\Feature\BookPostTest" classname="Tests.Feature.BookPostTest" file="/home/mahmood/webserver/vandar/tasks/a/example-app/tests/Feature/BookPostTest.php" line="72" assertions="3" time="0.013240"/>
          <testcase name="testValidation with data set #10" class="Tests\Feature\BookPostTest" classname="Tests.Feature.BookPostTest" file="/home/mahmood/webserver/vandar/tasks/a/example-app/tests/Feature/BookPostTest.php" line="72" assertions="3" time="0.014743"/>
          <testcase name="testValidation with data set #11" class="Tests\Feature\BookPostTest" classname="Tests.Feature.BookPostTest" file="/home/mahmood/webserver/vandar/tasks/a/example-app/tests/Feature/BookPostTest.php" line="72" assertions="3" time="0.014662"/>
          <testcase name="testValidation with data set #12" class="Tests\Feature\BookPostTest" classname="Tests.Feature.BookPostTest" file="/home/mahmood/webserver/vandar/tasks/a/example-app/tests/Feature/BookPostTest.php" line="72" assertions="3" time="0.014470"/>
          <testcase name="testValidation with data set #13" class="Tests\Feature\BookPostTest" classname="Tests.Feature.BookPostTest" file="/home/mahmood/webserver/vandar/tasks/a/example-app/tests/Feature/BookPostTest.php" line="72" assertions="3" time="0.013440"/>
          <testcase name="testValidation with data set #14" class="Tests\Feature\BookPostTest" classname="Tests.Feature.BookPostTest" file="/home/mahmood/webserver/vandar/tasks/a/example-app/tests/Feature/BookPostTest.php" line="72" assertions="3" time="0.015041"/>
          <testcase name="testValidation with data set #15" class="Tests\Feature\BookPostTest" classname="Tests.Feature.BookPostTest" file="/home/mahmood/webserver/vandar/tasks/a/example-app/tests/Feature/BookPostTest.php" line="72" assertions="3" time="0.014299"/>
          <testcase name="testValidation with data set #16" class="Tests\Feature\BookPostTest" classname="Tests.Feature.BookPostTest" file="/home/mahmood/webserver/vandar/tasks/a/example-app/tests/Feature/BookPostTest.php" line="72" assertions="3" time="0.012858"/>
          <testcase name="testValidation with data set #17" class="Tests\Feature\BookPostTest" classname="Tests.Feature.BookPostTest" file="/home/mahmood/webserver/vandar/tasks/a/example-app/tests/Feature/BookPostTest.php" line="72" assertions="3" time="0.014479"/>
          <testcase name="testValidation with data set #18" class="Tests\Feature\BookPostTest" classname="Tests.Feature.BookPostTest" file="/home/mahmood/webserver/vandar/tasks/a/example-app/tests/Feature/BookPostTest.php" line="72" assertions="3" time="0.014573"/>
          <testcase name="testValidation with data set #19" class="Tests\Feature\BookPostTest" classname="Tests.Feature.BookPostTest" file="/home/mahmood/webserver/vandar/tasks/a/example-app/tests/Feature/BookPostTest.php" line="72" assertions="3" time="0.013342"/>
          <testcase name="testValidation with data set #20" class="Tests\Feature\BookPostTest" classname="Tests.Feature.BookPostTest" file="/home/mahmood/webserver/vandar/tasks/a/example-app/tests/Feature/BookPostTest.php" line="72" assertions="3" time="0.013165"/>
        </testsuite>
      </testsuite>
      <testsuite name="Tests\Feature\BookReviewTest" file="/home/mahmood/webserver/vandar/tasks/a/example-app/tests/Feature/BookReviewTest.php" tests="11" assertions="34" errors="0" warnings="0" failures="0" skipped="0" time="0.150326">
        <testcase name="testDenyGuestAccess" class="Tests\Feature\BookReviewTest" classname="Tests.Feature.BookReviewTest" file="/home/mahmood/webserver/vandar/tasks/a/example-app/tests/Feature/BookReviewTest.php" line="14" assertions="1" time="0.011844"/>
        <testcase name="testSuccessfulPost" class="Tests\Feature\BookReviewTest" classname="Tests.Feature.BookReviewTest" file="/home/mahmood/webserver/vandar/tasks/a/example-app/tests/Feature/BookReviewTest.php" line="26" assertions="6" time="0.013962"/>
        <testsuite name="Tests\Feature\BookReviewTest::testValidation" tests="9" assertions="27" errors="0" warnings="0" failures="0" skipped="0" time="0.124520">
          <testcase name="testValidation with data set #0" class="Tests\Feature\BookReviewTest" classname="Tests.Feature.BookReviewTest" file="/home/mahmood/webserver/vandar/tasks/a/example-app/tests/Feature/BookReviewTest.php" line="64" assertions="3" time="0.023516"/>
          <testcase name="testValidation with data set #1" class="Tests\Feature\BookReviewTest" classname="Tests.Feature.BookReviewTest" file="/home/mahmood/webserver/vandar/tasks/a/example-app/tests/Feature/BookReviewTest.php" line="64" assertions="3" time="0.011901"/>
          <testcase name="testValidation with data set #2" class="Tests\Feature\BookReviewTest" classname="Tests.Feature.BookReviewTest" file="/home/mahmood/webserver/vandar/tasks/a/example-app/tests/Feature/BookReviewTest.php" line="64" assertions="3" time="0.013365"/>
          <testcase name="testValidation with data set #3" class="Tests\Feature\BookReviewTest" classname="Tests.Feature.BookReviewTest" file="/home/mahmood/webserver/vandar/tasks/a/example-app/tests/Feature/BookReviewTest.php" line="64" assertions="3" time="0.012810"/>
          <testcase name="testValidation with data set #4" class="Tests\Feature\BookReviewTest" classname="Tests.Feature.BookReviewTest" file="/home/mahmood/webserver/vandar/tasks/a/example-app/tests/Feature/BookReviewTest.php" line="64" assertions="3" time="0.012038"/>
          <testcase name="testValidation with data set #5" class="Tests\Feature\BookReviewTest" classname="Tests.Feature.BookReviewTest" file="/home/mahmood/webserver/vandar/tasks/a/example-app/tests/Feature/BookReviewTest.php" line="64" assertions="3" time="0.013092"/>
          <testcase name="testValidation with data set #6" class="Tests\Feature\BookReviewTest" classname="Tests.Feature.BookReviewTest" file="/home/mahmood/webserver/vandar/tasks/a/example-app/tests/Feature/BookReviewTest.php" line="64" assertions="3" time="0.012432"/>
          <testcase name="testValidation with data set #7" class="Tests\Feature\BookReviewTest" classname="Tests.Feature.BookReviewTest" file="/home/mahmood/webserver/vandar/tasks/a/example-app/tests/Feature/BookReviewTest.php" line="64" assertions="3" time="0.012708"/>
          <testcase name="testValidation with data set #8" class="Tests\Feature\BookReviewTest" classname="Tests.Feature.BookReviewTest" file="/home/mahmood/webserver/vandar/tasks/a/example-app/tests/Feature/BookReviewTest.php" line="64" assertions="3" time="0.012658"/>
        </testsuite>
      </testsuite>
    </testsuite>
  </testsuite>
</testsuites>
